<?xml version="1.0" encoding="UTF-8"?>
<testng-results ignored="0" total="1" passed="1" failed="0" skipped="0">
  <reporter-output>
  </reporter-output>
  <suite started-at="2023-06-12T13:58:08 IST" name="Suite" finished-at="2023-06-12T13:58:13 IST" duration-ms="4612">
    <groups>
    </groups>
    <test started-at="2023-06-12T13:58:08 IST" name="Test" finished-at="2023-06-12T13:58:13 IST" duration-ms="4612">
      <class name="amazontest.AmazonPageTest">
        <test-method signature="testGoogle()[pri:0, instance:amazontest.AmazonPageTest@1b2abca6]" started-at="2023-06-12T13:58:08 IST" name="testGoogle" finished-at="2023-06-12T13:58:13 IST" duration-ms="4555" status="PASS">
          <reporter-output>
          </reporter-output>
        </test-method> <!-- testGoogle -->
      </class> <!-- amazontest.AmazonPageTest -->
    </test> <!-- Test -->
  </suite> <!-- Suite -->
</testng-results>
