<?xml version="1.0" encoding="UTF-8"?>
<testng-results ignored="0" total="1" passed="1" failed="0" skipped="0">
  <reporter-output>
  </reporter-output>
  <suite started-at="2023-06-12T12:34:35 IST" name="Suite" finished-at="2023-06-12T12:34:39 IST" duration-ms="3893">
    <groups>
    </groups>
    <test started-at="2023-06-12T12:34:35 IST" name="Test" finished-at="2023-06-12T12:34:39 IST" duration-ms="3893">
      <class name="amazontest.AmazonPageTest">
        <test-method signature="testGoogle()[pri:0, instance:amazontest.AmazonPageTest@1e6454ec]" started-at="2023-06-12T12:34:35 IST" name="testGoogle" finished-at="2023-06-12T12:34:39 IST" duration-ms="3859" status="PASS">
          <reporter-output>
          </reporter-output>
        </test-method> <!-- testGoogle -->
      </class> <!-- amazontest.AmazonPageTest -->
    </test> <!-- Test -->
  </suite> <!-- Suite -->
</testng-results>
