<?xml version="1.0" encoding="UTF-8"?>
<testng-results ignored="0" total="1" passed="1" failed="0" skipped="0">
  <reporter-output>
  </reporter-output>
  <suite started-at="2021-12-04T12:04:06Z" name="Default suite" finished-at="2021-12-04T12:04:17Z" duration-ms="10318">
    <groups>
    </groups>
    <test started-at="2021-12-04T12:04:06Z" name="Default test" finished-at="2021-12-04T12:04:17Z" duration-ms="10318">
      <class name="googletest.GoogeTest">
        <test-method signature="testGoogle()[pri:0, instance:googletest.GoogeTest@6db9f5a4]" started-at="2021-12-04T17:34:06Z" name="testGoogle" finished-at="2021-12-04T17:34:17Z" duration-ms="10283" status="PASS">
          <reporter-output>
          </reporter-output>
        </test-method> <!-- testGoogle -->
      </class> <!-- googletest.GoogeTest -->
    </test> <!-- Default test -->
  </suite> <!-- Default suite -->
</testng-results>
